<<<<<<< HEAD
c:\users\rgt21\c++\fantasy\fantasypremierleague\debug\vc142.pdb
c:\users\rgt21\c++\fantasy\fantasypremierleague\debug\vc142.idb
c:\users\rgt21\c++\fantasy\fantasypremierleague\debug\team.obj
c:\users\rgt21\c++\fantasy\fantasypremierleague\debug\player.obj
c:\users\rgt21\c++\fantasy\fantasypremierleague\debug\midfielder.obj
c:\users\rgt21\c++\fantasy\fantasypremierleague\debug\main.obj
c:\users\rgt21\c++\fantasy\fantasypremierleague\debug\goalkeeper.obj
c:\users\rgt21\c++\fantasy\fantasypremierleague\debug\forward.obj
c:\users\rgt21\c++\fantasy\fantasypremierleague\debug\fantasymenu.obj
c:\users\rgt21\c++\fantasy\fantasypremierleague\debug\defender.obj
c:\users\rgt21\c++\fantasy\debug\fantasypremierleague.ilk
c:\users\rgt21\c++\fantasy\debug\fantasypremierleague.exe
c:\users\rgt21\c++\fantasy\debug\fantasypremierleague.pdb
c:\users\rgt21\c++\fantasy\fantasypremierleague\debug\fantasyp.47dda1fd.tlog\cl.command.1.tlog
c:\users\rgt21\c++\fantasy\fantasypremierleague\debug\fantasyp.47dda1fd.tlog\cl.read.1.tlog
c:\users\rgt21\c++\fantasy\fantasypremierleague\debug\fantasyp.47dda1fd.tlog\cl.write.1.tlog
c:\users\rgt21\c++\fantasy\fantasypremierleague\debug\fantasyp.47dda1fd.tlog\link.command.1.tlog
c:\users\rgt21\c++\fantasy\fantasypremierleague\debug\fantasyp.47dda1fd.tlog\link.read.1.tlog
c:\users\rgt21\c++\fantasy\fantasypremierleague\debug\fantasyp.47dda1fd.tlog\link.write.1.tlog
=======
c:\users\rgt21\source\repos\fantasypremierleague\fantasypremierleague\debug\vc142.pdb
c:\users\rgt21\source\repos\fantasypremierleague\fantasypremierleague\debug\vc142.idb
c:\users\rgt21\source\repos\fantasypremierleague\fantasypremierleague\debug\team.obj
c:\users\rgt21\source\repos\fantasypremierleague\fantasypremierleague\debug\player.obj
c:\users\rgt21\source\repos\fantasypremierleague\fantasypremierleague\debug\midfielder.obj
c:\users\rgt21\source\repos\fantasypremierleague\fantasypremierleague\debug\main.obj
c:\users\rgt21\source\repos\fantasypremierleague\fantasypremierleague\debug\goalkeeper.obj
c:\users\rgt21\source\repos\fantasypremierleague\fantasypremierleague\debug\forward.obj
c:\users\rgt21\source\repos\fantasypremierleague\fantasypremierleague\debug\fantasymenu.obj
c:\users\rgt21\source\repos\fantasypremierleague\fantasypremierleague\debug\defender.obj
c:\users\rgt21\source\repos\fantasypremierleague\debug\fantasypremierleague.exe
c:\users\rgt21\source\repos\fantasypremierleague\debug\fantasypremierleague.ilk
c:\users\rgt21\source\repos\fantasypremierleague\debug\fantasypremierleague.pdb
c:\users\rgt21\source\repos\fantasypremierleague\fantasypremierleague\debug\fantasyp.47dda1fd.tlog\cl.command.1.tlog
c:\users\rgt21\source\repos\fantasypremierleague\fantasypremierleague\debug\fantasyp.47dda1fd.tlog\cl.read.1.tlog
c:\users\rgt21\source\repos\fantasypremierleague\fantasypremierleague\debug\fantasyp.47dda1fd.tlog\cl.write.1.tlog
c:\users\rgt21\source\repos\fantasypremierleague\fantasypremierleague\debug\fantasyp.47dda1fd.tlog\link.command.1.tlog
c:\users\rgt21\source\repos\fantasypremierleague\fantasypremierleague\debug\fantasyp.47dda1fd.tlog\link.read.1.tlog
c:\users\rgt21\source\repos\fantasypremierleague\fantasypremierleague\debug\fantasyp.47dda1fd.tlog\link.write.1.tlog
>>>>>>> b4ea1039345b61c645280bad10f0e3c83319ceed
